# JRE version: Java(TM) SE Runtime Environment 18.9 (11.0.11+9) (build 11.0.11+9-LTS-194)
# Java VM: Java HotSpot(TM) 64-Bit Server VM 18.9 (11.0.11+9-LTS-194, mixed mode, tiered, compressed oops, g1 gc, bsd-amd64)
Heap:
 garbage-first heap   total 131072K, used 18025K [0x0000000780000000, 0x0000000800000000)
  region size 1024K, 5 young (5120K), 1 survivors (1024K)
 Metaspace       used 31892K, capacity 32788K, committed 33200K, reserved 1079296K
  class space    used 3832K, capacity 4195K, committed 4272K, reserved 1048576K
GC Heap History (8 events):
Event: 1.081 GC heap before
{Heap before GC invocations=0 (full 0):
 garbage-first heap   total 131072K, used 14336K [0x0000000780000000, 0x0000000800000000)
  region size 1024K, 14 young (14336K), 0 survivors (0K)
 Metaspace       used 9018K, capacity 9286K, committed 9472K, reserved 1058816K
  class space    used 897K, capacity 993K, committed 1024K, reserved 1048576K
}
Event: 1.086 GC heap after
{Heap after GC invocations=1 (full 0):
 garbage-first heap   total 131072K, used 2623K [0x0000000780000000, 0x0000000800000000)
  region size 1024K, 2 young (2048K), 2 survivors (2048K)
 Metaspace       used 9018K, capacity 9286K, committed 9472K, reserved 1058816K
  class space    used 897K, capacity 993K, committed 1024K, reserved 1048576K
}
Event: 2.888 GC heap before
{Heap before GC invocations=1 (full 0):
 garbage-first heap   total 131072K, used 36415K [0x0000000780000000, 0x0000000800000000)
  region size 1024K, 37 young (37888K), 2 survivors (2048K)
 Metaspace       used 20648K, capacity 21248K, committed 21296K, reserved 1067008K
  class space    used 2540K, capacity 2817K, committed 2864K, reserved 1048576K
}
Event: 2.914 GC heap after
{Heap after GC invocations=2 (full 0):
 garbage-first heap   total 131072K, used 7432K [0x0000000780000000, 0x0000000800000000)
  region size 1024K, 7 young (7168K), 7 survivors (7168K)
 Metaspace       used 20648K, capacity 21248K, committed 21296K, reserved 1067008K
  class space    used 2540K, capacity 2817K, committed 2864K, reserved 1048576K
}
Event: 360.476 GC heap before
{Heap before GC invocations=3 (full 0):
 garbage-first heap   total 131072K, used 42248K [0x0000000780000000, 0x0000000800000000)
  region size 1024K, 40 young (40960K), 7 survivors (7168K)
 Metaspace       used 31020K, capacity 31878K, committed 32176K, reserved 1077248K
  class space    used 3830K, capacity 4195K, committed 4272K, reserved 1048576K
}
Event: 360.504 GC heap after
{Heap after GC invocations=4 (full 0):
 garbage-first heap   total 131072K, used 14272K [0x0000000780000000, 0x0000000800000000)
  region size 1024K, 5 young (5120K), 5 survivors (5120K)
 Metaspace       used 31020K, capacity 31878K, committed 32176K, reserved 1077248K
  class space    used 3830K, capacity 4195K, committed 4272K, reserved 1048576K
}
Event: 3096.533 GC heap before
{Heap before GC invocations=4 (full 0):
 garbage-first heap   total 131072K, used 56256K [0x0000000780000000, 0x0000000800000000)
  region size 1024K, 46 young (47104K), 5 survivors (5120K)
 Metaspace       used 31681K, capacity 32532K, committed 32944K, reserved 1077248K
  class space    used 3832K, capacity 4195K, committed 4272K, reserved 1048576K
}
Event: 3096.547 GC heap after
{Heap after GC invocations=5 (full 0):
 garbage-first heap   total 131072K, used 14953K [0x0000000780000000, 0x0000000800000000)
  region size 1024K, 1 young (1024K), 1 survivors (1024K)
 Metaspace       used 31681K, capacity 32532K, committed 32944K, reserved 1077248K
  class space    used 3832K, capacity 4195K, committed 4272K, reserved 1048576K
}

